<?xml version="1.0" encoding="UTF-8"?>
<!-- Generated by org.testng.reporters.JUnitReportReporter -->
<testsuite skipped="0" hostname="MBRLT00979" name="TestGuru99MultipleSession" tests="3" failures="0" timestamp="2020-04-30T17:59:38 IST" time="75.266" errors="0">
  <testcase name="executSessionOne" time="28.866" classname="TestGuru99MultipleSession"/>
  <system-out/>
  <testcase name="executSessionThree" time="22.659" classname="TestGuru99MultipleSession"/>
  <system-out/>
  <testcase name="executeSessionTwo" time="23.741" classname="TestGuru99MultipleSession"/>
  <system-out/>
</testsuite> <!-- TestGuru99MultipleSession -->
